                                                                                                                        
>>>>>>>>>>>>>>>>>>>>>>>>>>>>>>>>>>>>>>>>>>>>>>>>>>>>>>>>>>>>>>>>>>>>>>>>>>>>>>>>>>>>>>>>>>>>>>>>>>>>>>>>>>>>>>>>>>>>>>>>
2024-08-14 23:01:34,146 - INFO - START data_science_report_generator =============================================
2024-08-14 23:01:34,146 - INFO - START data_science_report_generator Start Time = 2024-08-14 23:01:34
2024-08-14 23:01:34,146 - INFO - data_science_report_generator Step 0 - Initialize the configuration file parser
2024-08-14 23:01:34,146 - INFO - Process data_science_report_generator Step 0 - Initializing and starting Logging Process.
2024-08-14 23:01:34,175 - INFO - PERFORMANCE data_science_report_generator The total process duration was:0.03
2024-08-14 23:01:34,175 - INFO - PERFORMANCE data_science_report_generator Stop Time = 2024-08-14 23:01:34
2024-08-14 23:01:34,175 - INFO - PERFORMANCE data_science_report_generator Short process duration less than 3 Seconds:0.03
2024-08-14 23:01:34,175 - INFO - PERFORMANCE data_science_report_generator Performance optimization is not reccomended
2024-08-14 23:01:34,175 - INFO - END data_science_report_generator =============================================

<<<<<<<<<<<<<<<<<<<<<<<<<<<<<<<<<<<<<<<<<<<<<<<<<<<<<<<<<<<<<<<<<<<<<<<<<<<<<<<<<<<<<<<<<<<<<<<<<<<<<<<<<<<<<<<<<<<<<<<<
                                                                                                                        
                                                                                                                        
>>>>>>>>>>>>>>>>>>>>>>>>>>>>>>>>>>>>>>>>>>>>>>>>>>>>>>>>>>>>>>>>>>>>>>>>>>>>>>>>>>>>>>>>>>>>>>>>>>>>>>>>>>>>>>>>>>>>>>>>
2024-08-14 23:14:58,540 - INFO - START data_science_report_generator =============================================
2024-08-14 23:14:58,540 - INFO - START data_science_report_generator Start Time = 2024-08-14 23:14:58
2024-08-14 23:14:58,540 - INFO - data_science_report_generator Step 0 - Initialize the configuration file parser
2024-08-14 23:14:58,541 - INFO - Process data_science_report_generator Step 0 - Initializing and starting Logging Process.
2024-08-14 23:14:58,574 - INFO - PERFORMANCE data_science_report_generator The total process duration was:0.03
2024-08-14 23:14:58,574 - INFO - PERFORMANCE data_science_report_generator Stop Time = 2024-08-14 23:14:58
2024-08-14 23:14:58,575 - INFO - PERFORMANCE data_science_report_generator Short process duration less than 3 Seconds:0.03
2024-08-14 23:14:58,575 - INFO - PERFORMANCE data_science_report_generator Performance optimization is not reccomended
2024-08-14 23:14:58,575 - INFO - END data_science_report_generator =============================================

<<<<<<<<<<<<<<<<<<<<<<<<<<<<<<<<<<<<<<<<<<<<<<<<<<<<<<<<<<<<<<<<<<<<<<<<<<<<<<<<<<<<<<<<<<<<<<<<<<<<<<<<<<<<<<<<<<<<<<<<
                                                                                                                        
                                                                                                                        
>>>>>>>>>>>>>>>>>>>>>>>>>>>>>>>>>>>>>>>>>>>>>>>>>>>>>>>>>>>>>>>>>>>>>>>>>>>>>>>>>>>>>>>>>>>>>>>>>>>>>>>>>>>>>>>>>>>>>>>>
2024-08-14 23:22:42,179 - INFO - START data_science_report_generator =============================================
2024-08-14 23:22:42,180 - INFO - START data_science_report_generator Start Time = 2024-08-14 23:22:42
2024-08-14 23:22:42,180 - INFO - data_science_report_generator Step 0 - Initialize the configuration file parser
2024-08-14 23:22:42,181 - INFO - Process data_science_report_generator Step 0 - Initializing and starting Logging Process.
2024-08-14 23:22:42,231 - INFO - PERFORMANCE data_science_report_generator The total process duration was:0.05
2024-08-14 23:22:42,231 - INFO - PERFORMANCE data_science_report_generator Stop Time = 2024-08-14 23:22:42
2024-08-14 23:22:42,231 - INFO - PERFORMANCE data_science_report_generator Short process duration less than 3 Seconds:0.05
2024-08-14 23:22:42,232 - INFO - PERFORMANCE data_science_report_generator Performance optimization is not reccomended
2024-08-14 23:22:42,232 - INFO - END data_science_report_generator =============================================

<<<<<<<<<<<<<<<<<<<<<<<<<<<<<<<<<<<<<<<<<<<<<<<<<<<<<<<<<<<<<<<<<<<<<<<<<<<<<<<<<<<<<<<<<<<<<<<<<<<<<<<<<<<<<<<<<<<<<<<<
                                                                                                                        
                                                                                                                        
>>>>>>>>>>>>>>>>>>>>>>>>>>>>>>>>>>>>>>>>>>>>>>>>>>>>>>>>>>>>>>>>>>>>>>>>>>>>>>>>>>>>>>>>>>>>>>>>>>>>>>>>>>>>>>>>>>>>>>>>
2024-08-23 10:47:16,854 - INFO - START data_science_report_generator =============================================
2024-08-23 10:47:16,855 - INFO - START data_science_report_generator Start Time = 2024-08-23 10:47:16
2024-08-23 10:47:16,855 - INFO - data_science_report_generator Step 0 - Initialize the configuration file parser
2024-08-23 10:47:16,856 - INFO - Process data_science_report_generator Step 0 - Initializing and starting Logging Process.
2024-08-23 10:47:16,884 - INFO - PERFORMANCE data_science_report_generator The total process duration was:0.03
2024-08-23 10:47:16,884 - INFO - PERFORMANCE data_science_report_generator Stop Time = 2024-08-23 10:47:16
2024-08-23 10:47:16,885 - INFO - PERFORMANCE data_science_report_generator Short process duration less than 3 Seconds:0.03
2024-08-23 10:47:16,885 - INFO - PERFORMANCE data_science_report_generator Performance optimization is not reccomended
2024-08-23 10:47:16,885 - INFO - END data_science_report_generator =============================================

<<<<<<<<<<<<<<<<<<<<<<<<<<<<<<<<<<<<<<<<<<<<<<<<<<<<<<<<<<<<<<<<<<<<<<<<<<<<<<<<<<<<<<<<<<<<<<<<<<<<<<<<<<<<<<<<<<<<<<<<
                                                                                                                        
                                                                                                                        
>>>>>>>>>>>>>>>>>>>>>>>>>>>>>>>>>>>>>>>>>>>>>>>>>>>>>>>>>>>>>>>>>>>>>>>>>>>>>>>>>>>>>>>>>>>>>>>>>>>>>>>>>>>>>>>>>>>>>>>>
2024-08-23 11:10:54,987 - INFO - START data_science_report_generator =============================================
2024-08-23 11:10:54,987 - INFO - START data_science_report_generator Start Time = 2024-08-23 11:10:54
2024-08-23 11:10:54,987 - INFO - data_science_report_generator Step 0 - Initialize the configuration file parser
2024-08-23 11:10:54,987 - INFO - Process data_science_report_generator Step 0 - Initializing and starting Logging Process.
2024-08-23 11:10:55,017 - INFO - PERFORMANCE data_science_report_generator The total process duration was:0.03
2024-08-23 11:10:55,018 - INFO - PERFORMANCE data_science_report_generator Stop Time = 2024-08-23 11:10:55
2024-08-23 11:10:55,018 - INFO - PERFORMANCE data_science_report_generator Short process duration less than 3 Seconds:0.03
2024-08-23 11:10:55,018 - INFO - PERFORMANCE data_science_report_generator Performance optimization is not reccomended
2024-08-23 11:10:55,018 - INFO - END data_science_report_generator =============================================

<<<<<<<<<<<<<<<<<<<<<<<<<<<<<<<<<<<<<<<<<<<<<<<<<<<<<<<<<<<<<<<<<<<<<<<<<<<<<<<<<<<<<<<<<<<<<<<<<<<<<<<<<<<<<<<<<<<<<<<<
                                                                                                                        
                                                                                                                        
>>>>>>>>>>>>>>>>>>>>>>>>>>>>>>>>>>>>>>>>>>>>>>>>>>>>>>>>>>>>>>>>>>>>>>>>>>>>>>>>>>>>>>>>>>>>>>>>>>>>>>>>>>>>>>>>>>>>>>>>
2024-08-23 11:11:55,101 - INFO - START data_science_report_generator =============================================
2024-08-23 11:11:55,101 - INFO - START data_science_report_generator Start Time = 2024-08-23 11:11:55
2024-08-23 11:11:55,101 - INFO - data_science_report_generator Step 0 - Initialize the configuration file parser
2024-08-23 11:11:55,102 - INFO - Process data_science_report_generator Step 0 - Initializing and starting Logging Process.
2024-08-23 11:11:55,132 - INFO - PERFORMANCE data_science_report_generator The total process duration was:0.03
2024-08-23 11:11:55,132 - INFO - PERFORMANCE data_science_report_generator Stop Time = 2024-08-23 11:11:55
2024-08-23 11:11:55,132 - INFO - PERFORMANCE data_science_report_generator Short process duration less than 3 Seconds:0.03
2024-08-23 11:11:55,132 - INFO - PERFORMANCE data_science_report_generator Performance optimization is not reccomended
2024-08-23 11:11:55,132 - INFO - END data_science_report_generator =============================================

<<<<<<<<<<<<<<<<<<<<<<<<<<<<<<<<<<<<<<<<<<<<<<<<<<<<<<<<<<<<<<<<<<<<<<<<<<<<<<<<<<<<<<<<<<<<<<<<<<<<<<<<<<<<<<<<<<<<<<<<
                                                                                                                        
                                                                                                                        
>>>>>>>>>>>>>>>>>>>>>>>>>>>>>>>>>>>>>>>>>>>>>>>>>>>>>>>>>>>>>>>>>>>>>>>>>>>>>>>>>>>>>>>>>>>>>>>>>>>>>>>>>>>>>>>>>>>>>>>>
2024-08-23 12:45:25,294 - INFO - START data_science_report_generator =============================================
2024-08-23 12:45:25,294 - INFO - START data_science_report_generator Start Time = 2024-08-23 12:45:25
2024-08-23 12:45:25,294 - INFO - data_science_report_generator Step 0 - Initialize the configuration file parser
2024-08-23 12:45:25,295 - INFO - Process data_science_report_generator Step 0 - Initializing and starting Logging Process.
2024-08-23 12:45:25,323 - INFO - PERFORMANCE data_science_report_generator The total process duration was:0.03
2024-08-23 12:45:25,323 - INFO - PERFORMANCE data_science_report_generator Stop Time = 2024-08-23 12:45:25
2024-08-23 12:45:25,323 - INFO - PERFORMANCE data_science_report_generator Short process duration less than 3 Seconds:0.03
2024-08-23 12:45:25,323 - INFO - PERFORMANCE data_science_report_generator Performance optimization is not reccomended
2024-08-23 12:45:25,323 - INFO - END data_science_report_generator =============================================

<<<<<<<<<<<<<<<<<<<<<<<<<<<<<<<<<<<<<<<<<<<<<<<<<<<<<<<<<<<<<<<<<<<<<<<<<<<<<<<<<<<<<<<<<<<<<<<<<<<<<<<<<<<<<<<<<<<<<<<<
                                                                                                                        
